<?xml version="1.0" encoding="UTF-8"?>
<!-- Generated by org.testng.reporters.JUnitXMLReporter -->
<testsuite ignored="0" hostname="Bughunters" failures="1" tests="1" name="test2" time="10.077" errors="0" timestamp="2023-05-26T11:43:49 IST">
  <testcase classname="tests.StarterTest" name="dynamicBrowser" time="10.015">
    <failure type="org.testng.internal.thread.ThreadTimeoutException" message="Method tests.StarterTest.dynamicBrowser() didn&amp;apos;t finish within the time-out 10000">
      <![CDATA[org.testng.internal.thread.ThreadTimeoutException: Method tests.StarterTest.dynamicBrowser() didn't finish within the time-out 10000
at java.base/java.lang.Thread.sleep0(Native Method)
at java.base/java.lang.Thread.sleep(Thread.java:465)
at tests.StarterTest.dynamicBrowser(StarterTest.java:59)
at java.base/java.util.concurrent.FutureTask.run(FutureTask.java:317)
at java.base/java.util.concurrent.ThreadPoolExecutor.runWorker(ThreadPoolExecutor.java:1144)
at java.base/java.util.concurrent.ThreadPoolExecutor$Worker.run(ThreadPoolExecutor.java:642)
at java.base/java.lang.Thread.run(Thread.java:1589)
... Removed 6 stack frames]]>
    </failure>
  </testcase> <!-- dynamicBrowser -->
</testsuite> <!-- test2 -->
